sys:1: DtypeWarning: Columns (0,1,5) have mixed types.Specify dtype option on import or set low_memory=False.
Traceback (most recent call last):
  File "split.py", line 17, in <module>
    eur = split.loc(['EUR'])
  File "/home/daisy/anaconda3/lib/python3.8/site-packages/pandas/core/indexing.py", line 607, in __call__
    axis = self.obj._get_axis_number(axis)
  File "/home/daisy/anaconda3/lib/python3.8/site-packages/pandas/core/generic.py", line 460, in _get_axis_number
    return cls._AXIS_TO_AXIS_NUMBER[axis]
TypeError: unhashable type: 'list'
sys:1: DtypeWarning: Columns (0,1,5) have mixed types.Specify dtype option on import or set low_memory=False.
N/A% (0 of 80) |                         | Elapsed Time: 0:00:00 ETA:  --:--:--
  6% (5 of 80) |#                        | Elapsed Time: 0:00:00 ETA:  00:00:00
 12% (10 of 80) |###                     | Elapsed Time: 0:00:00 ETA:   0:00:00
 18% (15 of 80) |####                    | Elapsed Time: 0:00:00 ETA:   0:00:00
 25% (20 of 80) |######                  | Elapsed Time: 0:00:00 ETA:   0:00:00
 31% (25 of 80) |#######                 | Elapsed Time: 0:00:00 ETA:   0:00:00
 37% (30 of 80) |#########               | Elapsed Time: 0:00:00 ETA:   0:00:00
 43% (35 of 80) |##########              | Elapsed Time: 0:00:00 ETA:   0:00:00
 50% (40 of 80) |############            | Elapsed Time: 0:00:00 ETA:   0:00:00
 56% (45 of 80) |#############           | Elapsed Time: 0:00:00 ETA:   0:00:00
 62% (50 of 80) |###############         | Elapsed Time: 0:00:00 ETA:   0:00:00
 68% (55 of 80) |################        | Elapsed Time: 0:00:00 ETA:   0:00:00
 75% (60 of 80) |##################      | Elapsed Time: 0:00:00 ETA:   0:00:00
 81% (65 of 80) |###################     | Elapsed Time: 0:00:00 ETA:   0:00:00
 87% (70 of 80) |#####################   | Elapsed Time: 0:00:00 ETA:   0:00:00
 93% (75 of 80) |######################  | Elapsed Time: 0:00:00 ETA:   0:00:00
100% (80 of 80) |########################| Elapsed Time: 0:00:00 Time:  0:00:00
